<?xml version="1.0" encoding="UTF-8"?>
<!-- Generated by org.testng.reporters.JUnitReportReporter -->
<testsuite hostname="DESKTOP-N75U7ON" name="com.rise.Test.TC_Login" tests="1" failures="0" timestamp="29 Mar 2022 04:09:42 GMT" time="59.901" errors="0">
  <testcase name="Login" time="59.901" classname="com.rise.Test.TC_Login"/>
</testsuite> <!-- com.rise.Test.TC_Login -->
