<?xml version="1.0" encoding="UTF-8"?>
<!-- Generated by org.testng.reporters.JUnitReportReporter -->
<testsuite hostname="DESKTOP-N75U7ON" name="com.rsm.Test.TC_Permits" tests="2" failures="0" timestamp="12 Apr 2022 05:47:22 GMT" time="83.156" errors="0">
  <testcase name="rsmPermits" time="54.156" classname="com.rsm.Test.TC_Permits"/>
  <testcase name="rsmCheckPermission" time="29.000" classname="com.rsm.Test.TC_Permits"/>
</testsuite> <!-- com.rsm.Test.TC_Permits -->
