<?xml version="1.0" encoding="UTF-8"?>
<!-- Generated by org.testng.reporters.JUnitReportReporter -->
<testsuite hostname="DESKTOP-N75U7ON" name="com.rsm.Test.TC_Login" tests="1" failures="0" timestamp="30 Mar 2022 06:59:31 GMT" time="25.189" errors="0">
  <testcase name="Login" time="25.189" classname="com.rsm.Test.TC_Login"/>
</testsuite> <!-- com.rsm.Test.TC_Login -->
