<?xml version="1.0" encoding="UTF-8"?>
<!-- Generated by org.testng.reporters.JUnitReportReporter -->
<testsuite hostname="DESKTOP-N75U7ON" name="com.rsm.Test.TC_Permits" tests="2" failures="0" timestamp="21 Apr 2022 11:40:55 GMT" time="19.897" errors="0">
  <testcase name="rsmPermits" time="12.631" classname="com.rsm.Test.TC_Permits"/>
  <testcase name="rsmCheckPermission" time="7.266" classname="com.rsm.Test.TC_Permits"/>
</testsuite> <!-- com.rsm.Test.TC_Permits -->
