<?xml version="1.0" encoding="UTF-8"?>
<!-- Generated by org.testng.reporters.JUnitReportReporter -->
<testsuite hostname="DESKTOP-N75U7ON" name="com.rsm.Test.TC_Login" tests="1" failures="0" timestamp="5 Apr 2022 05:08:44 GMT" time="22.034" errors="0">
  <testcase name="Login" time="22.034" classname="com.rsm.Test.TC_Login"/>
</testsuite> <!-- com.rsm.Test.TC_Login -->
